############################################################## www.oofem.org ###
       ####    ####   ######  ######  #    #
     #    #  #    #  #       #       ##  ##
    #    #  #    #  #####   #####   # ## #
   #    #  #    #  #       #       #    #
  #    #  #    #  #       #       #    #   OOFEM ver. 2.3
  ####    ####   #       ######  #    #    Copyright (C) 1994-2014 Borek Patzak
################################################################################


Starting analysis on: Fri Jun  3 15:44:14 2016

der titel geht hierhin
Domain type: planestrain, default ndofs per node is 2




Output for time  0.000e+00, solution step number 1
Reached load level :             1.000000 in 2 iterations


Quasi reaction table:

  node  dof            force
============================


DofManager output:
------------------
Node           1 (       1):
  dof 1   d  0.00000000e+00
  dof 2   d  0.00000000e+00
Node           2 (       2):
  dof 1   d  1.04733154e-02
  dof 2   d  0.00000000e+00
Node           3 (       3):
  dof 1   d  2.06895455e-02
  dof 2   d  0.00000000e+00
Node           4 (       4):
  dof 1   d  3.77636764e-02
  dof 2   d  2.64397509e-02
Node           5 (       5):
  dof 1   d  3.38877497e-02
  dof 2   d -3.43265071e-03
Node           6 (       6):
  dof 1   d  3.82494364e-02
  dof 2   d -2.04971437e-02
Node           7 (       7):
  dof 1   d  1.00000000e-01
  dof 2   d  5.00000000e-02
Node           8 (       8):
  dof 1   d  7.65232820e-02
  dof 2   d -1.57106922e-03
Node           9 (       9):
  dof 1   d  6.97788760e-02
  dof 2   d -2.68843918e-02




Element output:
---------------
element 1 (       1) :
  GP  1.1  :  strains  -5.6238e-04  1.9201e-03  0.0000e+00  0.0000e+00  0.0000e+00  1.9248e-03
              stresses  3.5069e-04  2.2603e-03  7.8329e-04  0.0000e+00  0.0000e+00  7.4030e-04
  GP  1.2  :  strains   4.9606e-03  1.9201e-03  0.0000e+00  0.0000e+00  0.0000e+00  1.3423e-02
              stresses  7.7855e-03  5.4466e-03  3.9697e-03  0.0000e+00  0.0000e+00  5.1626e-03
  GP  1.3  :  strains  -5.6238e-04  1.3418e-02  0.0000e+00  0.0000e+00  0.0000e+00  7.4478e-03
              stresses  6.9841e-03  1.7738e-02  7.4167e-03  0.0000e+00  0.0000e+00  2.8645e-03
  GP  1.4  :  strains   4.9606e-03  1.3418e-02  0.0000e+00  0.0000e+00  0.0000e+00  1.8946e-02
              stresses  1.4419e-02  2.0925e-02  1.0603e-02  0.0000e+00  0.0000e+00  7.2868e-03
element 2 (       2) :
  GP  1.1  :  strains   3.7326e-03 -1.1261e-02  0.0000e+00  0.0000e+00  0.0000e+00  3.5592e-03
              stresses -1.4719e-03 -1.3005e-02 -4.3431e-03  0.0000e+00  0.0000e+00  1.3689e-03
  GP  1.2  :  strains   5.9860e-03 -1.1261e-02  0.0000e+00  0.0000e+00  0.0000e+00  1.0127e-02
              stresses  1.5616e-03 -1.1705e-02 -3.0431e-03  0.0000e+00  0.0000e+00  3.8951e-03
  GP  1.3  :  strains   3.7326e-03 -4.6925e-03  0.0000e+00  0.0000e+00  0.0000e+00  5.8126e-03
              stresses  2.3174e-03 -4.1635e-03 -5.5381e-04  0.0000e+00  0.0000e+00  2.2356e-03
  GP  1.4  :  strains   5.9860e-03 -4.6925e-03  0.0000e+00  0.0000e+00  0.0000e+00  1.2381e-02
              stresses  5.3509e-03 -2.8634e-03  7.4624e-04  0.0000e+00  0.0000e+00  4.7618e-03
element 3 (       3) :
  GP  1.1  :  strains  -1.2890e-02  4.2980e-03  0.0000e+00  0.0000e+00  0.0000e+00 -1.3862e-04
              stresses -1.4872e-02 -1.6506e-03 -4.9567e-03  0.0000e+00  0.0000e+00 -5.3316e-05
  GP  1.2  :  strains  -5.3454e-03  4.2980e-03  0.0000e+00  0.0000e+00  0.0000e+00  8.2132e-03
              stresses -4.7161e-03  2.7019e-03 -6.0424e-04  0.0000e+00  0.0000e+00  3.1589e-03
  GP  1.3  :  strains  -1.2890e-02  1.2650e-02  0.0000e+00  0.0000e+00  0.0000e+00  7.4057e-03
              stresses -1.0054e-02  9.5923e-03 -1.3839e-04  0.0000e+00  0.0000e+00  2.8484e-03
  GP  1.4  :  strains  -5.3454e-03  1.2650e-02  0.0000e+00  0.0000e+00  0.0000e+00  1.5758e-02
              stresses  1.0230e-04  1.3945e-02  4.2141e-03  0.0000e+00  0.0000e+00  6.0606e-03
element 4 (       4) :
  GP  1.1  :  strains  -2.9316e-03 -3.0960e-03  0.0000e+00  0.0000e+00  0.0000e+00  6.8709e-03
              stresses -5.7326e-03 -5.8591e-03 -3.4775e-03  0.0000e+00  0.0000e+00  2.6426e-03
  GP  1.2  :  strains   1.3431e-03 -3.0960e-03  0.0000e+00  0.0000e+00  0.0000e+00  1.0046e-02
              stresses  2.1879e-05 -3.3929e-03 -1.0113e-03  0.0000e+00  0.0000e+00  3.8638e-03
  GP  1.3  :  strains  -2.9316e-03  7.8932e-05  0.0000e+00  0.0000e+00  0.0000e+00  1.1146e-02
              stresses -3.9009e-03 -1.5851e-03 -1.6458e-03  0.0000e+00  0.0000e+00  4.2868e-03
  GP  1.4  :  strains   1.3431e-03  7.8932e-05  0.0000e+00  0.0000e+00  0.0000e+00  1.4321e-02
              stresses  1.8536e-03  8.8114e-04  8.2042e-04  0.0000e+00  0.0000e+00  5.5079e-03




	R E A C T I O N S  O U T P U T:
	_______________________________


	Node        1 iDof  1 reaction -1.0618e-02    [bc-id: 1]
	Node        1 iDof  2 reaction -1.6013e-02    [bc-id: 2]
	Node        2 iDof  2 reaction -1.8517e-04    [bc-id: 3]
	Node        3 iDof  2 reaction  1.0711e-02    [bc-id: 4]
	Node        7 iDof  1 reaction  1.0618e-02    [bc-id: 5]
	Node        7 iDof  2 reaction  5.4872e-03    [bc-id: 6]

User time consumed by solution step 1: 0.001 [s]


Finishing analysis on: Fri Jun  3 15:44:14 2016

Real time consumed: 000h:00m:00s
User time consumed: 000h:00m:00s


